[2025-10-29T23:05:45.922+0000] {manager.py:469} INFO - Processing files using up to 2 processes at a time 
[2025-10-29T23:05:45.923+0000] {manager.py:470} INFO - Process each file at most once every 30 seconds
[2025-10-29T23:05:45.925+0000] {manager.py:471} INFO - Checking for new files in /opt/airflow/dags every 300 seconds
[2025-10-29T23:05:45.927+0000] {manager.py:738} INFO - Searching for files in /opt/airflow/dags
[2025-10-29T23:05:45.941+0000] {manager.py:741} INFO - There are 2 files in /opt/airflow/dags
[2025-10-29T23:05:46.829+0000] {manager.py:879} INFO - 
================================================================================
DAG File Processing Stats

File Path                                   PID  Runtime      # DAGs    # Errors  Last Runtime    Last Run
----------------------------------------  -----  ---------  --------  ----------  --------------  ----------
/opt/airflow/dags/tax_quarterly_dag.py      171  0.34s             0           0
/opt/airflow/dags/housing_monthly_dag.py    168  0.62s             0           0
================================================================================
[2025-10-29T23:06:16.966+0000] {manager.py:879} INFO - 
================================================================================
DAG File Processing Stats

File Path                                 PID    Runtime      # DAGs    # Errors  Last Runtime    Last Run
----------------------------------------  -----  ---------  --------  ----------  --------------  -------------------
/opt/airflow/dags/tax_quarterly_dag.py                             0           1  2.58s           2025-10-29T23:05:49
/opt/airflow/dags/housing_monthly_dag.py                           0           1  2.50s           2025-10-29T23:05:48
================================================================================
[2025-10-29T23:06:47.277+0000] {manager.py:879} INFO - 
================================================================================
DAG File Processing Stats

File Path                                 PID    Runtime      # DAGs    # Errors  Last Runtime    Last Run
----------------------------------------  -----  ---------  --------  ----------  --------------  -------------------
/opt/airflow/dags/tax_quarterly_dag.py                             0           1  0.88s           2025-10-29T23:06:20
/opt/airflow/dags/housing_monthly_dag.py                           0           1  0.55s           2025-10-29T23:06:19
================================================================================
[2025-10-29T23:07:17.872+0000] {manager.py:879} INFO - 
================================================================================
DAG File Processing Stats

File Path                                 PID    Runtime      # DAGs    # Errors  Last Runtime    Last Run
----------------------------------------  -----  ---------  --------  ----------  --------------  -------------------
/opt/airflow/dags/tax_quarterly_dag.py                             0           1  0.72s           2025-10-29T23:06:50
/opt/airflow/dags/housing_monthly_dag.py                           0           1  0.42s           2025-10-29T23:06:50
================================================================================
[2025-10-29T23:07:48.485+0000] {manager.py:879} INFO - 
================================================================================
DAG File Processing Stats

File Path                                 PID    Runtime      # DAGs    # Errors  Last Runtime    Last Run
----------------------------------------  -----  ---------  --------  ----------  --------------  -------------------
/opt/airflow/dags/tax_quarterly_dag.py                             0           1  0.65s           2025-10-29T23:07:21
/opt/airflow/dags/housing_monthly_dag.py                           0           1  0.43s           2025-10-29T23:07:21
================================================================================
[2025-10-29T23:08:18.514+0000] {manager.py:879} INFO - 
================================================================================
DAG File Processing Stats

File Path                                 PID    Runtime      # DAGs    # Errors  Last Runtime    Last Run
----------------------------------------  -----  ---------  --------  ----------  --------------  -------------------
/opt/airflow/dags/tax_quarterly_dag.py                             0           1  0.64s           2025-10-29T23:07:52
/opt/airflow/dags/housing_monthly_dag.py                           0           1  0.41s           2025-10-29T23:07:51
================================================================================
[2025-10-29T23:08:48.684+0000] {manager.py:879} INFO - 
================================================================================
DAG File Processing Stats

File Path                                 PID    Runtime      # DAGs    # Errors  Last Runtime    Last Run
----------------------------------------  -----  ---------  --------  ----------  --------------  -------------------
/opt/airflow/dags/tax_quarterly_dag.py                             0           1  0.56s           2025-10-29T23:08:23
/opt/airflow/dags/housing_monthly_dag.py                           0           1  0.43s           2025-10-29T23:08:22
================================================================================
[2025-10-29T23:09:19.254+0000] {manager.py:879} INFO - 
================================================================================
DAG File Processing Stats

File Path                                 PID    Runtime      # DAGs    # Errors  Last Runtime    Last Run
----------------------------------------  -----  ---------  --------  ----------  --------------  -------------------
/opt/airflow/dags/tax_quarterly_dag.py                             0           1  0.83s           2025-10-29T23:08:54
/opt/airflow/dags/housing_monthly_dag.py                           0           1  0.78s           2025-10-29T23:08:53
================================================================================
[2025-10-29T23:09:49.510+0000] {manager.py:879} INFO - 
================================================================================
DAG File Processing Stats

File Path                                 PID    Runtime      # DAGs    # Errors  Last Runtime    Last Run
----------------------------------------  -----  ---------  --------  ----------  --------------  -------------------
/opt/airflow/dags/tax_quarterly_dag.py                             0           1  0.70s           2025-10-29T23:09:25
/opt/airflow/dags/housing_monthly_dag.py                           0           1  0.42s           2025-10-29T23:09:24
================================================================================
[2025-10-29T23:10:19.769+0000] {manager.py:879} INFO - 
================================================================================
DAG File Processing Stats

File Path                                 PID    Runtime      # DAGs    # Errors  Last Runtime    Last Run
----------------------------------------  -----  ---------  --------  ----------  --------------  -------------------
/opt/airflow/dags/tax_quarterly_dag.py                             0           1  0.59s           2025-10-29T23:09:56
/opt/airflow/dags/housing_monthly_dag.py                           0           1  0.38s           2025-10-29T23:09:54
================================================================================
[2025-10-29T23:10:45.934+0000] {manager.py:738} INFO - Searching for files in /opt/airflow/dags
[2025-10-29T23:10:45.947+0000] {manager.py:741} INFO - There are 2 files in /opt/airflow/dags
[2025-10-29T23:10:49.989+0000] {manager.py:879} INFO - 
================================================================================
DAG File Processing Stats

File Path                                 PID    Runtime      # DAGs    # Errors  Last Runtime    Last Run
----------------------------------------  -----  ---------  --------  ----------  --------------  -------------------
/opt/airflow/dags/tax_quarterly_dag.py                             0           1  0.65s           2025-10-29T23:10:26
/opt/airflow/dags/housing_monthly_dag.py                           0           1  0.40s           2025-10-29T23:10:25
================================================================================
[2025-10-29T23:11:20.554+0000] {manager.py:879} INFO - 
================================================================================
DAG File Processing Stats

File Path                                 PID    Runtime      # DAGs    # Errors  Last Runtime    Last Run
----------------------------------------  -----  ---------  --------  ----------  --------------  -------------------
/opt/airflow/dags/tax_quarterly_dag.py                             0           1  0.48s           2025-10-29T23:10:57
/opt/airflow/dags/housing_monthly_dag.py                           0           1  0.39s           2025-10-29T23:10:56
================================================================================
[2025-10-29T23:11:51.250+0000] {manager.py:879} INFO - 
================================================================================
DAG File Processing Stats

File Path                                 PID    Runtime      # DAGs    # Errors  Last Runtime    Last Run
----------------------------------------  -----  ---------  --------  ----------  --------------  -------------------
/opt/airflow/dags/tax_quarterly_dag.py                             0           1  0.75s           2025-10-29T23:11:28
/opt/airflow/dags/housing_monthly_dag.py                           0           1  0.52s           2025-10-29T23:11:27
================================================================================
[2025-10-29T23:12:21.399+0000] {manager.py:879} INFO - 
================================================================================
DAG File Processing Stats

File Path                                 PID    Runtime      # DAGs    # Errors  Last Runtime    Last Run
----------------------------------------  -----  ---------  --------  ----------  --------------  -------------------
/opt/airflow/dags/tax_quarterly_dag.py                             0           1  0.68s           2025-10-29T23:11:59
/opt/airflow/dags/housing_monthly_dag.py                           0           1  0.41s           2025-10-29T23:11:57
================================================================================
[2025-10-29T23:12:36.433+0000] {manager.py:451} INFO - Exiting gracefully upon receiving signal 15
[2025-10-29T23:15:10.448+0000] {manager.py:469} INFO - Processing files using up to 2 processes at a time 
[2025-10-29T23:15:10.449+0000] {manager.py:470} INFO - Process each file at most once every 30 seconds
[2025-10-29T23:15:10.451+0000] {manager.py:471} INFO - Checking for new files in /opt/airflow/dags every 300 seconds
[2025-10-29T23:15:10.453+0000] {manager.py:738} INFO - Searching for files in /opt/airflow/dags
[2025-10-29T23:15:10.470+0000] {manager.py:741} INFO - There are 2 files in /opt/airflow/dags
[2025-10-29T23:15:10.810+0000] {manager.py:879} INFO - 
================================================================================
DAG File Processing Stats

File Path                                   PID  Runtime      # DAGs    # Errors  Last Runtime    Last Run
----------------------------------------  -----  ---------  --------  ----------  --------------  ----------
/opt/airflow/dags/tax_quarterly_dag.py      171  0.12s             0           0
/opt/airflow/dags/housing_monthly_dag.py    168  0.13s             0           0
================================================================================
[2025-10-29T23:15:41.031+0000] {manager.py:879} INFO - 
================================================================================
DAG File Processing Stats

File Path                                 PID    Runtime      # DAGs    # Errors  Last Runtime    Last Run
----------------------------------------  -----  ---------  --------  ----------  --------------  -------------------
/opt/airflow/dags/tax_quarterly_dag.py                             0           1  1.16s           2025-10-29T23:15:11
/opt/airflow/dags/housing_monthly_dag.py                           0           1  0.80s           2025-10-29T23:15:11
================================================================================
[2025-10-29T23:15:53.274+0000] {manager.py:451} INFO - Exiting gracefully upon receiving signal 15
[2025-10-29T23:16:36.469+0000] {manager.py:469} INFO - Processing files using up to 2 processes at a time 
[2025-10-29T23:16:36.480+0000] {manager.py:470} INFO - Process each file at most once every 30 seconds
[2025-10-29T23:16:36.482+0000] {manager.py:471} INFO - Checking for new files in /opt/airflow/dags every 300 seconds
[2025-10-29T23:16:36.484+0000] {manager.py:738} INFO - Searching for files in /opt/airflow/dags
[2025-10-29T23:16:36.504+0000] {manager.py:741} INFO - There are 2 files in /opt/airflow/dags
[2025-10-29T23:16:37.107+0000] {manager.py:879} INFO - 
================================================================================
DAG File Processing Stats

File Path                                   PID  Runtime      # DAGs    # Errors  Last Runtime    Last Run
----------------------------------------  -----  ---------  --------  ----------  --------------  ----------
/opt/airflow/dags/tax_quarterly_dag.py      170  0.16s             0           0
/opt/airflow/dags/housing_monthly_dag.py    168  0.20s             0           0
================================================================================
[2025-10-29T23:17:07.181+0000] {manager.py:879} INFO - 
================================================================================
DAG File Processing Stats

File Path                                 PID    Runtime      # DAGs    # Errors  Last Runtime    Last Run
----------------------------------------  -----  ---------  --------  ----------  --------------  -------------------
/opt/airflow/dags/tax_quarterly_dag.py                             0           1  1.60s           2025-10-29T23:16:38
/opt/airflow/dags/housing_monthly_dag.py                           0           1  1.22s           2025-10-29T23:16:38
================================================================================
[2025-10-29T23:17:37.764+0000] {manager.py:879} INFO - 
================================================================================
DAG File Processing Stats

File Path                                 PID    Runtime      # DAGs    # Errors  Last Runtime    Last Run
----------------------------------------  -----  ---------  --------  ----------  --------------  -------------------
/opt/airflow/dags/tax_quarterly_dag.py                             0           1  0.96s           2025-10-29T23:17:09
/opt/airflow/dags/housing_monthly_dag.py                           0           1  0.67s           2025-10-29T23:17:08
================================================================================
[2025-10-29T23:18:07.824+0000] {manager.py:879} INFO - 
================================================================================
DAG File Processing Stats

File Path                                 PID    Runtime      # DAGs    # Errors  Last Runtime    Last Run
----------------------------------------  -----  ---------  --------  ----------  --------------  -------------------
/opt/airflow/dags/tax_quarterly_dag.py                             0           1  0.89s           2025-10-29T23:17:40
/opt/airflow/dags/housing_monthly_dag.py                           0           1  0.60s           2025-10-29T23:17:39
================================================================================
[2025-10-29T23:18:38.425+0000] {manager.py:879} INFO - 
================================================================================
DAG File Processing Stats

File Path                                 PID    Runtime      # DAGs    # Errors  Last Runtime    Last Run
----------------------------------------  -----  ---------  --------  ----------  --------------  -------------------
/opt/airflow/dags/tax_quarterly_dag.py                             0           1  0.76s           2025-10-29T23:18:12
/opt/airflow/dags/housing_monthly_dag.py                           0           1  0.52s           2025-10-29T23:18:10
================================================================================
[2025-10-29T23:19:09.130+0000] {manager.py:879} INFO - 
================================================================================
DAG File Processing Stats

File Path                                 PID    Runtime      # DAGs    # Errors  Last Runtime    Last Run
----------------------------------------  -----  ---------  --------  ----------  --------------  -------------------
/opt/airflow/dags/tax_quarterly_dag.py                             0           1  1.49s           2025-10-29T23:18:44
/opt/airflow/dags/housing_monthly_dag.py                           0           1  0.49s           2025-10-29T23:18:40
================================================================================
[2025-10-29T23:19:39.663+0000] {manager.py:879} INFO - 
================================================================================
DAG File Processing Stats

File Path                                 PID    Runtime      # DAGs    # Errors  Last Runtime    Last Run
----------------------------------------  -----  ---------  --------  ----------  --------------  -------------------
/opt/airflow/dags/tax_quarterly_dag.py                             0           1  2.12s           2025-10-29T23:19:16
/opt/airflow/dags/housing_monthly_dag.py                           0           1  0.71s           2025-10-29T23:19:11
================================================================================
[2025-10-29T23:20:09.849+0000] {manager.py:879} INFO - 
================================================================================
DAG File Processing Stats

File Path                                 PID    Runtime      # DAGs    # Errors  Last Runtime    Last Run
----------------------------------------  -----  ---------  --------  ----------  --------------  -------------------
/opt/airflow/dags/tax_quarterly_dag.py                             0           1  0.95s           2025-10-29T23:19:47
/opt/airflow/dags/housing_monthly_dag.py                           0           1  0.59s           2025-10-29T23:19:43
================================================================================
[2025-10-29T23:20:40.132+0000] {manager.py:879} INFO - 
================================================================================
DAG File Processing Stats

File Path                                 PID    Runtime      # DAGs    # Errors  Last Runtime    Last Run
----------------------------------------  -----  ---------  --------  ----------  --------------  -------------------
/opt/airflow/dags/tax_quarterly_dag.py                             0           1  0.77s           2025-10-29T23:20:18
/opt/airflow/dags/housing_monthly_dag.py                           0           1  0.53s           2025-10-29T23:20:13
================================================================================
[2025-10-29T23:21:10.834+0000] {manager.py:879} INFO - 
================================================================================
DAG File Processing Stats

File Path                                 PID    Runtime      # DAGs    # Errors  Last Runtime    Last Run
----------------------------------------  -----  ---------  --------  ----------  --------------  -------------------
/opt/airflow/dags/tax_quarterly_dag.py                             0           1  2.24s           2025-10-29T23:20:50
/opt/airflow/dags/housing_monthly_dag.py                           0           1  0.51s           2025-10-29T23:20:44
================================================================================
[2025-10-29T23:21:36.842+0000] {manager.py:738} INFO - Searching for files in /opt/airflow/dags
[2025-10-29T23:21:36.856+0000] {manager.py:741} INFO - There are 2 files in /opt/airflow/dags
[2025-10-29T23:21:40.896+0000] {manager.py:879} INFO - 
================================================================================
DAG File Processing Stats

File Path                                 PID    Runtime      # DAGs    # Errors  Last Runtime    Last Run
----------------------------------------  -----  ---------  --------  ----------  --------------  -------------------
/opt/airflow/dags/tax_quarterly_dag.py                             0           1  0.64s           2025-10-29T23:21:21
/opt/airflow/dags/housing_monthly_dag.py                           0           1  0.49s           2025-10-29T23:21:15
================================================================================
[2025-10-29T23:22:11.119+0000] {manager.py:879} INFO - 
================================================================================
DAG File Processing Stats

File Path                                 PID    Runtime      # DAGs    # Errors  Last Runtime    Last Run
----------------------------------------  -----  ---------  --------  ----------  --------------  -------------------
/opt/airflow/dags/tax_quarterly_dag.py                             0           1  0.73s           2025-10-29T23:21:52
/opt/airflow/dags/housing_monthly_dag.py                           0           1  0.44s           2025-10-29T23:21:45
================================================================================
[2025-10-29T23:22:41.798+0000] {manager.py:879} INFO - 
================================================================================
DAG File Processing Stats

File Path                                 PID    Runtime      # DAGs    # Errors  Last Runtime    Last Run
----------------------------------------  -----  ---------  --------  ----------  --------------  -------------------
/opt/airflow/dags/tax_quarterly_dag.py                             0           1  0.73s           2025-10-29T23:22:23
/opt/airflow/dags/housing_monthly_dag.py                           0           1  0.49s           2025-10-29T23:22:16
================================================================================
[2025-10-29T23:23:11.896+0000] {manager.py:879} INFO - 
================================================================================
DAG File Processing Stats

File Path                                 PID    Runtime      # DAGs    # Errors  Last Runtime    Last Run
----------------------------------------  -----  ---------  --------  ----------  --------------  -------------------
/opt/airflow/dags/tax_quarterly_dag.py                             0           1  0.69s           2025-10-29T23:22:54
/opt/airflow/dags/housing_monthly_dag.py                           0           1  0.41s           2025-10-29T23:22:47
================================================================================
[2025-10-29T23:23:42.584+0000] {manager.py:879} INFO - 
================================================================================
DAG File Processing Stats

File Path                                 PID    Runtime      # DAGs    # Errors  Last Runtime    Last Run
----------------------------------------  -----  ---------  --------  ----------  --------------  -------------------
/opt/airflow/dags/tax_quarterly_dag.py                             0           1  0.68s           2025-10-29T23:23:25
/opt/airflow/dags/housing_monthly_dag.py                           0           1  0.41s           2025-10-29T23:23:17
================================================================================
[2025-10-29T23:24:13.215+0000] {manager.py:879} INFO - 
================================================================================
DAG File Processing Stats

File Path                                 PID    Runtime      # DAGs    # Errors  Last Runtime    Last Run
----------------------------------------  -----  ---------  --------  ----------  --------------  -------------------
/opt/airflow/dags/tax_quarterly_dag.py                             0           1  0.57s           2025-10-29T23:23:56
/opt/airflow/dags/housing_monthly_dag.py                           0           1  0.45s           2025-10-29T23:23:49
================================================================================
[2025-10-29T23:24:43.915+0000] {manager.py:879} INFO - 
================================================================================
DAG File Processing Stats

File Path                                 PID    Runtime      # DAGs    # Errors  Last Runtime    Last Run
----------------------------------------  -----  ---------  --------  ----------  --------------  -------------------
/opt/airflow/dags/tax_quarterly_dag.py                             0           1  0.64s           2025-10-29T23:24:27
/opt/airflow/dags/housing_monthly_dag.py                           0           1  0.50s           2025-10-29T23:24:19
================================================================================
[2025-10-29T23:25:13.933+0000] {manager.py:879} INFO - 
================================================================================
DAG File Processing Stats

File Path                                 PID    Runtime      # DAGs    # Errors  Last Runtime    Last Run
----------------------------------------  -----  ---------  --------  ----------  --------------  -------------------
/opt/airflow/dags/tax_quarterly_dag.py                             0           1  0.60s           2025-10-29T23:24:57
/opt/airflow/dags/housing_monthly_dag.py                           0           1  0.45s           2025-10-29T23:24:50
================================================================================
[2025-10-29T23:25:44.138+0000] {manager.py:879} INFO - 
================================================================================
DAG File Processing Stats

File Path                                 PID    Runtime      # DAGs    # Errors  Last Runtime    Last Run
----------------------------------------  -----  ---------  --------  ----------  --------------  -------------------
/opt/airflow/dags/tax_quarterly_dag.py                             0           1  0.68s           2025-10-29T23:25:28
/opt/airflow/dags/housing_monthly_dag.py                           0           1  0.43s           2025-10-29T23:25:21
================================================================================
[2025-10-29T23:26:14.729+0000] {manager.py:879} INFO - 
================================================================================
DAG File Processing Stats

File Path                                 PID    Runtime      # DAGs    # Errors  Last Runtime    Last Run
----------------------------------------  -----  ---------  --------  ----------  --------------  -------------------
/opt/airflow/dags/tax_quarterly_dag.py                             0           1  0.59s           2025-10-29T23:25:59
/opt/airflow/dags/housing_monthly_dag.py                           0           1  0.41s           2025-10-29T23:25:51
================================================================================
[2025-10-29T23:26:37.333+0000] {manager.py:738} INFO - Searching for files in /opt/airflow/dags
[2025-10-29T23:26:37.343+0000] {manager.py:741} INFO - There are 2 files in /opt/airflow/dags
[2025-10-29T23:26:44.874+0000] {manager.py:879} INFO - 
================================================================================
DAG File Processing Stats

File Path                                 PID    Runtime      # DAGs    # Errors  Last Runtime    Last Run
----------------------------------------  -----  ---------  --------  ----------  --------------  -------------------
/opt/airflow/dags/tax_quarterly_dag.py                             0           1  0.75s           2025-10-29T23:26:30
/opt/airflow/dags/housing_monthly_dag.py                           0           1  0.48s           2025-10-29T23:26:22
================================================================================
[2025-10-29T23:27:15.361+0000] {manager.py:879} INFO - 
================================================================================
DAG File Processing Stats

File Path                                 PID    Runtime      # DAGs    # Errors  Last Runtime    Last Run
----------------------------------------  -----  ---------  --------  ----------  --------------  -------------------
/opt/airflow/dags/tax_quarterly_dag.py                             0           1  0.66s           2025-10-29T23:27:01
/opt/airflow/dags/housing_monthly_dag.py                           0           1  0.79s           2025-10-29T23:26:53
================================================================================
[2025-10-29T23:27:45.548+0000] {manager.py:879} INFO - 
================================================================================
DAG File Processing Stats

File Path                                 PID    Runtime      # DAGs    # Errors  Last Runtime    Last Run
----------------------------------------  -----  ---------  --------  ----------  --------------  -------------------
/opt/airflow/dags/tax_quarterly_dag.py                             0           1  0.68s           2025-10-29T23:27:32
/opt/airflow/dags/housing_monthly_dag.py                           0           1  0.44s           2025-10-29T23:27:23
================================================================================
[2025-10-29T23:28:15.601+0000] {manager.py:879} INFO - 
================================================================================
DAG File Processing Stats

File Path                                 PID    Runtime      # DAGs    # Errors  Last Runtime    Last Run
----------------------------------------  -----  ---------  --------  ----------  --------------  -------------------
/opt/airflow/dags/tax_quarterly_dag.py                             0           1  0.55s           2025-10-29T23:28:03
/opt/airflow/dags/housing_monthly_dag.py                           0           1  0.45s           2025-10-29T23:27:54
================================================================================
[2025-10-29T23:28:45.773+0000] {manager.py:879} INFO - 
================================================================================
DAG File Processing Stats

File Path                                 PID    Runtime      # DAGs    # Errors  Last Runtime    Last Run
----------------------------------------  -----  ---------  --------  ----------  --------------  -------------------
/opt/airflow/dags/tax_quarterly_dag.py                             0           1  0.68s           2025-10-29T23:28:33
/opt/airflow/dags/housing_monthly_dag.py                           0           1  0.57s           2025-10-29T23:28:25
================================================================================
[2025-10-29T23:29:15.936+0000] {manager.py:879} INFO - 
================================================================================
DAG File Processing Stats

File Path                                 PID    Runtime      # DAGs    # Errors  Last Runtime    Last Run
----------------------------------------  -----  ---------  --------  ----------  --------------  -------------------
/opt/airflow/dags/tax_quarterly_dag.py                             0           1  0.73s           2025-10-29T23:29:04
/opt/airflow/dags/housing_monthly_dag.py                           0           1  0.40s           2025-10-29T23:28:56
================================================================================
[2025-10-29T23:29:46.533+0000] {manager.py:879} INFO - 
================================================================================
DAG File Processing Stats

File Path                                 PID    Runtime      # DAGs    # Errors  Last Runtime    Last Run
----------------------------------------  -----  ---------  --------  ----------  --------------  -------------------
/opt/airflow/dags/tax_quarterly_dag.py                             0           1  0.68s           2025-10-29T23:29:35
/opt/airflow/dags/housing_monthly_dag.py                           0           1  0.44s           2025-10-29T23:29:26
================================================================================
[2025-10-29T23:30:17.271+0000] {manager.py:879} INFO - 
================================================================================
DAG File Processing Stats

File Path                                 PID    Runtime      # DAGs    # Errors  Last Runtime    Last Run
----------------------------------------  -----  ---------  --------  ----------  --------------  -------------------
/opt/airflow/dags/tax_quarterly_dag.py                             0           1  0.54s           2025-10-29T23:30:06
/opt/airflow/dags/housing_monthly_dag.py                           0           1  0.56s           2025-10-29T23:29:58
================================================================================
[2025-10-29T23:30:47.517+0000] {manager.py:879} INFO - 
================================================================================
DAG File Processing Stats

File Path                                 PID    Runtime      # DAGs    # Errors  Last Runtime    Last Run
----------------------------------------  -----  ---------  --------  ----------  --------------  -------------------
/opt/airflow/dags/tax_quarterly_dag.py                             1           0  2.02s           2025-10-29T23:30:32
/opt/airflow/dags/housing_monthly_dag.py                           1           0  2.37s           2025-10-29T23:30:32
================================================================================
[2025-10-29T23:31:17.554+0000] {manager.py:879} INFO - 
================================================================================
DAG File Processing Stats

File Path                                 PID    Runtime      # DAGs    # Errors  Last Runtime    Last Run
----------------------------------------  -----  ---------  --------  ----------  --------------  -------------------
/opt/airflow/dags/tax_quarterly_dag.py                             1           0  0.67s           2025-10-29T23:31:02
/opt/airflow/dags/housing_monthly_dag.py                           1           0  0.50s           2025-10-29T23:31:03
================================================================================
[2025-10-29T23:31:38.168+0000] {manager.py:738} INFO - Searching for files in /opt/airflow/dags
[2025-10-29T23:31:38.185+0000] {manager.py:741} INFO - There are 2 files in /opt/airflow/dags
[2025-10-29T23:31:48.260+0000] {manager.py:879} INFO - 
================================================================================
DAG File Processing Stats

File Path                                 PID    Runtime      # DAGs    # Errors  Last Runtime    Last Run
----------------------------------------  -----  ---------  --------  ----------  --------------  -------------------
/opt/airflow/dags/tax_quarterly_dag.py                             1           0  1.51s           2025-10-29T23:31:35
/opt/airflow/dags/housing_monthly_dag.py                           1           0  1.40s           2025-10-29T23:31:35
================================================================================
[2025-10-29T23:32:18.276+0000] {manager.py:879} INFO - 
================================================================================
DAG File Processing Stats

File Path                                 PID    Runtime      # DAGs    # Errors  Last Runtime    Last Run
----------------------------------------  -----  ---------  --------  ----------  --------------  -------------------
/opt/airflow/dags/tax_quarterly_dag.py                             1           0  0.90s           2025-10-29T23:32:06
/opt/airflow/dags/housing_monthly_dag.py                           1           0  0.84s           2025-10-29T23:32:06
================================================================================
[2025-10-29T23:32:49.015+0000] {manager.py:879} INFO - 
================================================================================
DAG File Processing Stats

File Path                                 PID    Runtime      # DAGs    # Errors  Last Runtime    Last Run
----------------------------------------  -----  ---------  --------  ----------  --------------  -------------------
/opt/airflow/dags/tax_quarterly_dag.py                             1           0  0.77s           2025-10-29T23:32:37
/opt/airflow/dags/housing_monthly_dag.py                           1           0  0.54s           2025-10-29T23:32:36
================================================================================
[2025-10-29T23:33:19.161+0000] {manager.py:879} INFO - 
================================================================================
DAG File Processing Stats

File Path                                 PID    Runtime      # DAGs    # Errors  Last Runtime    Last Run
----------------------------------------  -----  ---------  --------  ----------  --------------  -------------------
/opt/airflow/dags/tax_quarterly_dag.py                             1           0  0.73s           2025-10-29T23:33:08
/opt/airflow/dags/housing_monthly_dag.py                           1           0  0.50s           2025-10-29T23:33:07
================================================================================
[2025-10-29T23:33:49.376+0000] {manager.py:879} INFO - 
================================================================================
DAG File Processing Stats

File Path                                 PID    Runtime      # DAGs    # Errors  Last Runtime    Last Run
----------------------------------------  -----  ---------  --------  ----------  --------------  -------------------
/opt/airflow/dags/tax_quarterly_dag.py                             1           0  0.78s           2025-10-29T23:33:39
/opt/airflow/dags/housing_monthly_dag.py                           1           0  0.50s           2025-10-29T23:33:38
================================================================================
[2025-10-29T23:34:19.540+0000] {manager.py:879} INFO - 
================================================================================
DAG File Processing Stats

File Path                                 PID    Runtime      # DAGs    # Errors  Last Runtime    Last Run
----------------------------------------  -----  ---------  --------  ----------  --------------  -------------------
/opt/airflow/dags/tax_quarterly_dag.py                             1           0  0.71s           2025-10-29T23:34:09
/opt/airflow/dags/housing_monthly_dag.py                           1           0  0.57s           2025-10-29T23:34:09
================================================================================
[2025-10-29T23:34:49.743+0000] {manager.py:879} INFO - 
================================================================================
DAG File Processing Stats

File Path                                 PID    Runtime      # DAGs    # Errors  Last Runtime    Last Run
----------------------------------------  -----  ---------  --------  ----------  --------------  -------------------
/opt/airflow/dags/tax_quarterly_dag.py                             1           0  0.75s           2025-10-29T23:34:40
/opt/airflow/dags/housing_monthly_dag.py                           1           0  0.66s           2025-10-29T23:34:40
================================================================================
[2025-10-29T23:35:20.086+0000] {manager.py:879} INFO - 
================================================================================
DAG File Processing Stats

File Path                                 PID    Runtime      # DAGs    # Errors  Last Runtime    Last Run
----------------------------------------  -----  ---------  --------  ----------  --------------  -------------------
/opt/airflow/dags/tax_quarterly_dag.py                             1           0  0.73s           2025-10-29T23:35:11
/opt/airflow/dags/housing_monthly_dag.py                           1           0  0.53s           2025-10-29T23:35:11
================================================================================
[2025-10-29T23:35:50.268+0000] {manager.py:879} INFO - 
================================================================================
DAG File Processing Stats

File Path                                 PID    Runtime      # DAGs    # Errors  Last Runtime    Last Run
----------------------------------------  -----  ---------  --------  ----------  --------------  -------------------
/opt/airflow/dags/tax_quarterly_dag.py                             1           0  0.75s           2025-10-29T23:35:42
/opt/airflow/dags/housing_monthly_dag.py                           1           0  0.52s           2025-10-29T23:35:41
================================================================================
[2025-10-29T23:36:20.462+0000] {manager.py:879} INFO - 
================================================================================
DAG File Processing Stats

File Path                                 PID    Runtime      # DAGs    # Errors  Last Runtime    Last Run
----------------------------------------  -----  ---------  --------  ----------  --------------  -------------------
/opt/airflow/dags/tax_quarterly_dag.py                             1           0  0.77s           2025-10-29T23:36:13
/opt/airflow/dags/housing_monthly_dag.py                           1           0  0.52s           2025-10-29T23:36:12
================================================================================
[2025-10-29T23:36:38.566+0000] {manager.py:738} INFO - Searching for files in /opt/airflow/dags
[2025-10-29T23:36:38.575+0000] {manager.py:741} INFO - There are 2 files in /opt/airflow/dags
[2025-10-29T23:36:51.161+0000] {manager.py:879} INFO - 
================================================================================
DAG File Processing Stats

File Path                                 PID    Runtime      # DAGs    # Errors  Last Runtime    Last Run
----------------------------------------  -----  ---------  --------  ----------  --------------  -------------------
/opt/airflow/dags/tax_quarterly_dag.py                             1           0  0.73s           2025-10-29T23:36:44
/opt/airflow/dags/housing_monthly_dag.py                           1           0  0.51s           2025-10-29T23:36:43
================================================================================
[2025-10-29T23:37:21.324+0000] {manager.py:879} INFO - 
================================================================================
DAG File Processing Stats

File Path                                 PID    Runtime      # DAGs    # Errors  Last Runtime    Last Run
----------------------------------------  -----  ---------  --------  ----------  --------------  -------------------
/opt/airflow/dags/tax_quarterly_dag.py                             1           0  0.79s           2025-10-29T23:37:15
/opt/airflow/dags/housing_monthly_dag.py                           1           0  0.67s           2025-10-29T23:37:14
================================================================================
[2025-10-29T23:37:51.874+0000] {manager.py:879} INFO - 
================================================================================
DAG File Processing Stats

File Path                                 PID    Runtime      # DAGs    # Errors  Last Runtime    Last Run
----------------------------------------  -----  ---------  --------  ----------  --------------  -------------------
/opt/airflow/dags/tax_quarterly_dag.py                             1           0  0.79s           2025-10-29T23:37:46
/opt/airflow/dags/housing_monthly_dag.py                           1           0  0.67s           2025-10-29T23:37:45
================================================================================
[2025-10-29T23:38:22.455+0000] {manager.py:879} INFO - 
================================================================================
DAG File Processing Stats

File Path                                 PID    Runtime      # DAGs    # Errors  Last Runtime    Last Run
----------------------------------------  -----  ---------  --------  ----------  --------------  -------------------
/opt/airflow/dags/tax_quarterly_dag.py                             1           0  1.06s           2025-10-29T23:38:17
/opt/airflow/dags/housing_monthly_dag.py                           1           0  0.57s           2025-10-29T23:38:16
================================================================================
[2025-10-29T23:38:52.813+0000] {manager.py:879} INFO - 
================================================================================
DAG File Processing Stats

File Path                                 PID    Runtime      # DAGs    # Errors  Last Runtime    Last Run
----------------------------------------  -----  ---------  --------  ----------  --------------  -------------------
/opt/airflow/dags/tax_quarterly_dag.py                             1           0  1.55s           2025-10-29T23:38:29
/opt/airflow/dags/housing_monthly_dag.py                           1           0  1.13s           2025-10-29T23:38:28
================================================================================
[2025-10-29T23:39:23.189+0000] {manager.py:879} INFO - 
================================================================================
DAG File Processing Stats

File Path                                 PID    Runtime      # DAGs    # Errors  Last Runtime    Last Run
----------------------------------------  -----  ---------  --------  ----------  --------------  -------------------
/opt/airflow/dags/tax_quarterly_dag.py                             1           0  0.77s           2025-10-29T23:39:00
/opt/airflow/dags/housing_monthly_dag.py                           1           0  0.54s           2025-10-29T23:38:59
================================================================================
[2025-10-29T23:39:53.303+0000] {manager.py:879} INFO - 
================================================================================
DAG File Processing Stats

File Path                                 PID    Runtime      # DAGs    # Errors  Last Runtime    Last Run
----------------------------------------  -----  ---------  --------  ----------  --------------  -------------------
/opt/airflow/dags/tax_quarterly_dag.py                             1           0  0.92s           2025-10-29T23:39:31
/opt/airflow/dags/housing_monthly_dag.py                           1           0  0.68s           2025-10-29T23:39:30
================================================================================
[2025-10-29T23:40:24.167+0000] {manager.py:879} INFO - 
================================================================================
DAG File Processing Stats

File Path                                 PID    Runtime      # DAGs    # Errors  Last Runtime    Last Run
----------------------------------------  -----  ---------  --------  ----------  --------------  -------------------
/opt/airflow/dags/tax_quarterly_dag.py                             1           0  0.73s           2025-10-29T23:40:02
/opt/airflow/dags/housing_monthly_dag.py                           1           0  0.68s           2025-10-29T23:40:01
================================================================================
[2025-10-29T23:40:54.986+0000] {manager.py:879} INFO - 
================================================================================
DAG File Processing Stats

File Path                                 PID    Runtime      # DAGs    # Errors  Last Runtime    Last Run
----------------------------------------  -----  ---------  --------  ----------  --------------  -------------------
/opt/airflow/dags/tax_quarterly_dag.py                             1           0  0.71s           2025-10-29T23:40:33
/opt/airflow/dags/housing_monthly_dag.py                           1           0  0.64s           2025-10-29T23:40:31
================================================================================
[2025-10-29T23:41:01.702+0000] {manager.py:451} INFO - Exiting gracefully upon receiving signal 15
[2025-10-29T23:41:15.077+0000] {manager.py:469} INFO - Processing files using up to 2 processes at a time 
[2025-10-29T23:41:15.079+0000] {manager.py:470} INFO - Process each file at most once every 30 seconds
[2025-10-29T23:41:15.080+0000] {manager.py:471} INFO - Checking for new files in /opt/airflow/dags every 300 seconds
[2025-10-29T23:41:15.081+0000] {manager.py:738} INFO - Searching for files in /opt/airflow/dags
[2025-10-29T23:41:15.097+0000] {manager.py:741} INFO - There are 2 files in /opt/airflow/dags
[2025-10-29T23:41:15.482+0000] {manager.py:879} INFO - 
================================================================================
DAG File Processing Stats

File Path                                   PID  Runtime      # DAGs    # Errors  Last Runtime    Last Run
----------------------------------------  -----  ---------  --------  ----------  --------------  ----------
/opt/airflow/dags/tax_quarterly_dag.py      171  0.18s             0           0
/opt/airflow/dags/housing_monthly_dag.py    168  0.20s             0           0
================================================================================
[2025-10-29T23:41:45.819+0000] {manager.py:879} INFO - 
================================================================================
DAG File Processing Stats

File Path                                 PID    Runtime      # DAGs    # Errors  Last Runtime    Last Run
----------------------------------------  -----  ---------  --------  ----------  --------------  -------------------
/opt/airflow/dags/tax_quarterly_dag.py                             1           0  1.62s           2025-10-29T23:41:16
/opt/airflow/dags/housing_monthly_dag.py                           1           0  1.38s           2025-10-29T23:41:16
================================================================================
[2025-10-29T23:42:15.847+0000] {manager.py:879} INFO - 
================================================================================
DAG File Processing Stats

File Path                                 PID    Runtime      # DAGs    # Errors  Last Runtime    Last Run
----------------------------------------  -----  ---------  --------  ----------  --------------  -------------------
/opt/airflow/dags/tax_quarterly_dag.py                             1           0  0.63s           2025-10-29T23:41:47
/opt/airflow/dags/housing_monthly_dag.py                           1           0  0.59s           2025-10-29T23:41:47
================================================================================
[2025-10-29T23:42:46.420+0000] {manager.py:879} INFO - 
================================================================================
DAG File Processing Stats

File Path                                 PID    Runtime      # DAGs    # Errors  Last Runtime    Last Run
----------------------------------------  -----  ---------  --------  ----------  --------------  -------------------
/opt/airflow/dags/tax_quarterly_dag.py                             1           0  2.44s           2025-10-29T23:42:20
/opt/airflow/dags/housing_monthly_dag.py                           1           0  1.62s           2025-10-29T23:42:19
================================================================================
[2025-10-29T23:43:16.856+0000] {manager.py:879} INFO - 
================================================================================
DAG File Processing Stats

File Path                                 PID    Runtime      # DAGs    # Errors  Last Runtime    Last Run
----------------------------------------  -----  ---------  --------  ----------  --------------  -------------------
/opt/airflow/dags/tax_quarterly_dag.py                             1           0  1.37s           2025-10-29T23:42:51
/opt/airflow/dags/housing_monthly_dag.py                           1           0  1.24s           2025-10-29T23:42:50
================================================================================
[2025-10-29T23:43:46.960+0000] {manager.py:879} INFO - 
================================================================================
DAG File Processing Stats

File Path                                 PID    Runtime      # DAGs    # Errors  Last Runtime    Last Run
----------------------------------------  -----  ---------  --------  ----------  --------------  -------------------
/opt/airflow/dags/tax_quarterly_dag.py                             1           0  0.79s           2025-10-29T23:43:22
/opt/airflow/dags/housing_monthly_dag.py                           1           0  0.52s           2025-10-29T23:43:21
================================================================================
[2025-10-29T23:44:17.258+0000] {manager.py:879} INFO - 
================================================================================
DAG File Processing Stats

File Path                                 PID    Runtime      # DAGs    # Errors  Last Runtime    Last Run
----------------------------------------  -----  ---------  --------  ----------  --------------  -------------------
/opt/airflow/dags/tax_quarterly_dag.py                             1           0  0.83s           2025-10-29T23:43:53
/opt/airflow/dags/housing_monthly_dag.py                           1           0  0.53s           2025-10-29T23:43:52
================================================================================
[2025-10-29T23:44:47.937+0000] {manager.py:879} INFO - 
================================================================================
DAG File Processing Stats

File Path                                 PID    Runtime      # DAGs    # Errors  Last Runtime    Last Run
----------------------------------------  -----  ---------  --------  ----------  --------------  -------------------
/opt/airflow/dags/tax_quarterly_dag.py                             1           0  0.69s           2025-10-29T23:44:24
/opt/airflow/dags/housing_monthly_dag.py                           1           0  0.50s           2025-10-29T23:44:22
================================================================================
